<?xml version="1.0" encoding="UTF-8"?>
<testsuite xmlns:xsi="http://www.w3.org/2001/XMLSchema-instance" xsi:noNamespaceSchemaLocation="https://maven.apache.org/surefire/maven-surefire-plugin/xsd/surefire-test-report-3.0.xsd" version="3.0" name="com.example.sampleTest" time="1.423" tests="1" errors="0" skipped="0" failures="0">
  <properties>
[...]
</properties>
  <testcase name="useSampleVerticle1(Vertx, VertxTestContext)" classname="com.example.sampleTest" time="0.509">
    <system-out><![CDATA[Http methods
Database connection
getting connection1
server start
Account details
Ashish
getting connection
calling select account function before update -------------->
{"acc_id":2,"acc_num":"101","acc_name":"Ashish","balance":80.0,"version":1}
calling update account function----------->
calling select account function after update-------------->
{"acc_id":2,"acc_num":"101","acc_name":"Ashish","balance":680.0,"version":1}
Received response
]]></system-out>
  </testcase>
</testsuite>